TN:
SF:client/src/components/Button.jsx
FN:4,(anonymous_0)
FNF:1
FNH:1
FNDA:2,(anonymous_0)
DA:4,1
DA:15,2
DA:24,2
DA:30,2
DA:36,2
DA:42,2
LF:6
LH:6
BRDA:6,0,0,2
BRDA:7,1,0,2
BRDA:8,2,0,2
BRDA:10,3,0,2
BRDA:11,4,0,1
BRDA:20,5,0,0
BRDA:20,5,1,2
BRDA:21,6,0,0
BRDA:21,6,1,2
BRF:9
BRH:7
end_of_record
TN:
SF:client/src/components/Post.jsx
FN:4,(anonymous_0)
FN:10,(anonymous_1)
FN:17,(anonymous_2)
FN:39,(anonymous_3)
FN:42,(anonymous_4)
FN:53,(anonymous_5)
FNF:6
FNH:4
FNDA:6,(anonymous_0)
FNDA:1,(anonymous_1)
FNDA:1,(anonymous_2)
FNDA:0,(anonymous_3)
FNDA:1,(anonymous_4)
FNDA:0,(anonymous_5)
DA:4,1
DA:5,6
DA:6,6
DA:8,6
DA:10,6
DA:11,1
DA:12,1
DA:14,1
DA:17,6
DA:18,1
DA:19,1
DA:23,6
DA:39,0
DA:42,1
DA:53,0
LF:15
LH:13
BRDA:8,0,0,6
BRDA:8,0,1,4
BRDA:11,1,0,1
BRDA:11,1,1,0
BRDA:18,2,0,1
BRDA:18,2,1,0
BRDA:37,3,0,6
BRDA:37,3,1,3
BRDA:49,4,0,6
BRDA:49,4,1,1
BRF:10
BRH:8
end_of_record
TN:
SF:server/src/app.js
FN:18,(anonymous_0)
FN:24,(anonymous_1)
FNF:2
FNH:0
FNDA:0,(anonymous_0)
FNDA:0,(anonymous_1)
DA:1,3
DA:2,3
DA:3,3
DA:4,3
DA:5,3
DA:7,3
DA:10,3
DA:11,3
DA:14,3
DA:15,3
DA:18,3
DA:19,0
DA:20,0
DA:24,3
DA:25,0
DA:28,3
LF:16
LH:13
BRF:0
BRH:0
end_of_record
TN:
SF:server/src/controllers/postController.js
FN:4,(anonymous_0)
FN:26,(anonymous_1)
FN:45,(anonymous_2)
FN:62,(anonymous_3)
FN:84,(anonymous_4)
FNF:5
FNH:0
FNDA:0,(anonymous_0)
FNDA:0,(anonymous_1)
FNDA:0,(anonymous_2)
FNDA:0,(anonymous_3)
FNDA:0,(anonymous_4)
DA:1,3
DA:4,3
DA:5,0
DA:6,0
DA:8,0
DA:16,0
DA:17,0
DA:19,0
DA:21,0
DA:26,3
DA:27,0
DA:28,0
DA:29,0
DA:31,0
DA:38,0
DA:40,0
DA:45,3
DA:46,0
DA:47,0
DA:51,0
DA:52,0
DA:55,0
DA:57,0
DA:62,3
DA:63,0
DA:64,0
DA:66,0
DA:67,0
DA:70,0
DA:71,0
DA:74,0
DA:75,0
DA:77,0
DA:79,0
DA:84,3
DA:85,0
DA:86,0
DA:88,0
DA:89,0
DA:92,0
DA:93,0
DA:96,0
DA:97,0
DA:99,0
DA:103,3
LF:45
LH:7
BRDA:28,0,0,0
BRDA:28,1,0,0
BRDA:29,2,0,0
BRDA:29,2,1,0
BRDA:51,3,0,0
BRDA:51,3,1,0
BRDA:66,4,0,0
BRDA:66,4,1,0
BRDA:70,5,0,0
BRDA:70,5,1,0
BRDA:88,6,0,0
BRDA:88,6,1,0
BRDA:92,7,0,0
BRDA:92,7,1,0
BRF:14
BRH:0
end_of_record
TN:
SF:server/src/controllers/userController.js
FN:5,(anonymous_0)
FN:15,(anonymous_1)
FNF:2
FNH:0
FNDA:0,(anonymous_0)
FNDA:0,(anonymous_1)
DA:1,3
DA:2,3
DA:5,3
DA:6,0
DA:7,0
DA:8,0
DA:10,0
DA:15,3
DA:16,0
DA:17,0
DA:18,0
DA:24,0
DA:26,0
DA:30,3
LF:14
LH:5
BRF:0
BRH:0
end_of_record
TN:
SF:server/src/middleware/auth.js
FN:4,(anonymous_0)
FN:26,(anonymous_1)
FNF:2
FNH:2
FNDA:6,(anonymous_0)
FNDA:2,(anonymous_1)
DA:1,4
DA:2,4
DA:4,4
DA:5,6
DA:6,6
DA:8,6
DA:9,4
DA:12,2
DA:13,1
DA:15,1
DA:16,0
DA:19,1
DA:20,1
DA:22,1
DA:26,4
DA:27,2
DA:28,2
DA:30,2
DA:31,2
DA:32,1
DA:33,1
DA:36,1
DA:38,1
DA:42,4
LF:24
LH:23
BRDA:8,0,0,4
BRDA:8,0,1,2
BRDA:12,1,0,2
BRDA:12,1,1,2
BRDA:15,2,0,0
BRDA:15,2,1,1
BRDA:30,3,0,2
BRDA:30,3,1,0
BRDA:31,4,0,2
BRDA:31,4,1,2
BRF:10
BRH:8
end_of_record
TN:
SF:server/src/models/Post.js
FNF:0
FNH:0
DA:1,3
DA:3,3
DA:41,3
LF:3
LH:3
BRF:0
BRH:0
end_of_record
TN:
SF:server/src/models/User.js
FN:34,(anonymous_0)
FN:41,(anonymous_1)
FNF:2
FNH:0
FNDA:0,(anonymous_0)
FNDA:0,(anonymous_1)
DA:1,3
DA:2,3
DA:4,3
DA:34,3
DA:35,0
DA:36,0
DA:37,0
DA:41,3
DA:42,0
DA:45,3
LF:10
LH:6
BRDA:35,0,0,0
BRDA:35,0,1,0
BRF:2
BRH:0
end_of_record
TN:
SF:server/src/routes/postRoutes.js
FNF:0
FNH:0
DA:1,3
DA:8,3
DA:9,3
DA:11,3
DA:13,3
DA:14,3
DA:15,3
DA:16,3
DA:17,3
DA:19,3
LF:10
LH:10
BRF:0
BRH:0
end_of_record
TN:
SF:server/src/routes/userRoutes.js
FNF:0
FNH:0
DA:1,3
DA:2,3
DA:3,3
DA:5,3
DA:7,3
DA:8,3
DA:10,3
LF:7
LH:7
BRF:0
BRH:0
end_of_record
TN:
SF:server/src/utils/auth.js
FN:3,(anonymous_0)
FN:11,(anonymous_1)
FNF:2
FNH:1
FNDA:2,(anonymous_0)
FNDA:0,(anonymous_1)
DA:1,4
DA:3,4
DA:4,2
DA:11,4
DA:12,0
DA:15,4
LF:6
LH:5
BRDA:6,0,0,2
BRDA:6,0,1,2
BRDA:12,1,0,0
BRDA:12,1,1,0
BRF:4
BRH:2
end_of_record
